<?xml version="1.0" encoding="UTF-8"?>
<coverage generated="1705613954744" clover="3.2.0">
  <project timestamp="1705613954744" name="All files">
    <metrics statements="11" coveredstatements="10" conditionals="6" coveredconditionals="6" methods="6" coveredmethods="5" elements="23" coveredelements="21" complexity="0" loc="11" ncloc="11" packages="1" files="1" classes="1"/>
    <file name="index.js" path="/Users/maxpugachev/Documents/midis lern pj/jest/src/index.js">
      <metrics statements="11" coveredstatements="10" conditionals="6" coveredconditionals="6" methods="6" coveredmethods="5"/>
      <line num="2" count="8" type="cond" truecount="4" falsecount="0"/>
      <line num="3" count="3" type="stmt"/>
      <line num="5" count="5" type="stmt"/>
      <line num="9" count="0" type="stmt"/>
      <line num="13" count="1" type="stmt"/>
      <line num="14" count="1" type="stmt"/>
      <line num="15" count="1" type="stmt"/>
      <line num="21" count="2" type="cond" truecount="2" falsecount="0"/>
      <line num="22" count="1" type="stmt"/>
      <line num="24" count="1" type="stmt"/>
      <line num="27" count="1" type="stmt"/>
    </file>
  </project>
</coverage>
